[debug] [2026-03-14T03:42:20.444Z] ----------------------------------------------------------------------
[debug] [2026-03-14T03:42:20.447Z] Command:       /nix/store/qds3rzxwqrkvhzjxgcb95d2qx4sd9b1l-nodejs-20.11.1/bin/node /home/user/.npm/_npx/7750544ccf494d8b/node_modules/.bin/firebase deploy --only hosting --non-interactive --project etf-project-2026
[debug] [2026-03-14T03:42:20.448Z] CLI Version:   15.10.0
[debug] [2026-03-14T03:42:20.448Z] Platform:      linux
[debug] [2026-03-14T03:42:20.448Z] Node Version:  v20.11.1
[debug] [2026-03-14T03:42:20.448Z] Time:          Sat Mar 14 2026 03:42:20 GMT+0000 (Coordinated Universal Time)
[debug] [2026-03-14T03:42:20.448Z] ----------------------------------------------------------------------
[debug] 
[debug] [2026-03-14T03:42:28.461Z] > command requires scopes: ["email","openid","https://www.googleapis.com/auth/cloudplatformprojects.readonly","https://www.googleapis.com/auth/firebase","https://www.googleapis.com/auth/cloud-platform","https://www.googleapis.com/auth/userinfo.email"]
[debug] [2026-03-14T03:42:28.461Z] > authorizing via signed-in user (anfus2004@gmail.com)
[debug] [2026-03-14T03:42:28.461Z] [iam] checking project etf-project-2026 for permissions ["firebase.projects.get","firebasehosting.sites.update"]
[debug] [2026-03-14T03:42:28.463Z] Checked if tokens are valid: true, expires at: 1773463303980
[debug] [2026-03-14T03:42:28.463Z] Checked if tokens are valid: true, expires at: 1773463303980
[debug] [2026-03-14T03:42:28.464Z] >>> [apiv2][query] POST https://cloudresourcemanager.googleapis.com/v1/projects/etf-project-2026:testIamPermissions [none]
[debug] [2026-03-14T03:42:28.464Z] >>> [apiv2][(partial)header] POST https://cloudresourcemanager.googleapis.com/v1/projects/etf-project-2026:testIamPermissions  x-goog-user-project=etf-project-2026
[debug] [2026-03-14T03:42:28.465Z] >>> [apiv2][body] POST https://cloudresourcemanager.googleapis.com/v1/projects/etf-project-2026:testIamPermissions {"permissions":["firebase.projects.get","firebasehosting.sites.update"]}
[debug] [2026-03-14T03:42:29.386Z] <<< [apiv2][status] POST https://cloudresourcemanager.googleapis.com/v1/projects/etf-project-2026:testIamPermissions 400
[debug] [2026-03-14T03:42:29.386Z] <<< [apiv2][body] POST https://cloudresourcemanager.googleapis.com/v1/projects/etf-project-2026:testIamPermissions {"error":{"code":400,"message":"Project 'projects/etf-project-2026' not found or deleted.","status":"INVALID_ARGUMENT","details":[{"@type":"type.googleapis.com/google.rpc.ErrorInfo","reason":"USER_PROJECT_DENIED","domain":"googleapis.com","metadata":{"consumer":"projects/etf-project-2026","containerInfo":"projects/etf-project-2026","service":"cloudresourcemanager.googleapis.com"}}]}}
[debug] [2026-03-14T03:42:29.388Z] [iam] error while checking permissions, command may fail: Request to https://cloudresourcemanager.googleapis.com/v1/projects/etf-project-2026:testIamPermissions had HTTP Error: 400, Project 'projects/etf-project-2026' not found or deleted.
[debug] [2026-03-14T03:42:29.389Z] Checked if tokens are valid: true, expires at: 1773463303980
[debug] [2026-03-14T03:42:29.389Z] Checked if tokens are valid: true, expires at: 1773463303980
[debug] [2026-03-14T03:42:29.389Z] >>> [apiv2][query] GET https://firebase.googleapis.com/v1beta1/projects/etf-project-2026 [none]
[debug] [2026-03-14T03:42:29.897Z] <<< [apiv2][status] GET https://firebase.googleapis.com/v1beta1/projects/etf-project-2026 403
[debug] [2026-03-14T03:42:29.897Z] <<< [apiv2][body] GET https://firebase.googleapis.com/v1beta1/projects/etf-project-2026 {"error":{"code":403,"message":"The caller does not have permission","status":"PERMISSION_DENIED"}}
[debug] [2026-03-14T03:42:29.898Z] Request to https://firebase.googleapis.com/v1beta1/projects/etf-project-2026 had HTTP Error: 403, The caller does not have permission
[debug] [2026-03-14T03:42:29.900Z] FirebaseError: Request to https://firebase.googleapis.com/v1beta1/projects/etf-project-2026 had HTTP Error: 403, The caller does not have permission
    at responseToError (/home/user/.npm/_npx/7750544ccf494d8b/node_modules/firebase-tools/lib/responseToError.js:53:12)
    at RetryOperation._fn (/home/user/.npm/_npx/7750544ccf494d8b/node_modules/firebase-tools/lib/apiv2.js:333:77)
    at process.processTicksAndRejections (node:internal/process/task_queues:95:5)
[error] 
[error] Error: Failed to get Firebase project etf-project-2026. Please make sure the project exists and your account has permission to access it.
[error] Failed to fetch Firebase Project from Studio Workspace because WORKSPACE_SLUG environment variable is empty
[error] Failed to fetch Firebase Project from Studio Workspace because WORKSPACE_SLUG environment variable is empty
[error] Failed to fetch Firebase Project from Studio Workspace because WORKSPACE_SLUG environment variable is empty
[error] Failed to fetch Firebase Project from Studio Workspace because WORKSPACE_SLUG environment variable is empty
[debug] [2026-03-14T05:55:44.288Z] > command requires scopes: ["email","openid","https://www.googleapis.com/auth/cloudplatformprojects.readonly","https://www.googleapis.com/auth/firebase","https://www.googleapis.com/auth/cloud-platform","https://www.googleapis.com/auth/userinfo.email"]
[debug] [2026-03-14T05:55:44.289Z] > authorizing via signed-in user (anfus2004@gmail.com)
[debug] [2026-03-14T05:55:44.291Z] Checked if tokens are valid: false, expires at: 1773463303980
[debug] [2026-03-14T05:55:44.292Z] Checked if tokens are valid: false, expires at: 1773463303980
[debug] [2026-03-14T05:55:44.294Z] > refreshing access token with scopes: []
[debug] [2026-03-14T05:55:44.296Z] >>> [apiv2][query] POST https://www.googleapis.com/oauth2/v3/token [none]
[debug] [2026-03-14T05:55:44.297Z] >>> [apiv2][body] POST https://www.googleapis.com/oauth2/v3/token [omitted]
[debug] [2026-03-14T05:55:44.346Z] > command requires scopes: ["email","openid","https://www.googleapis.com/auth/cloudplatformprojects.readonly","https://www.googleapis.com/auth/firebase","https://www.googleapis.com/auth/cloud-platform","https://www.googleapis.com/auth/userinfo.email"]
[debug] [2026-03-14T05:55:44.347Z] > authorizing via signed-in user (anfus2004@gmail.com)
[debug] [2026-03-14T05:55:44.347Z] Checked if tokens are valid: false, expires at: 1773463303980
[debug] [2026-03-14T05:55:44.347Z] Checked if tokens are valid: false, expires at: 1773463303980
[debug] [2026-03-14T05:55:44.348Z] > refreshing access token with scopes: []
[debug] [2026-03-14T05:55:44.348Z] >>> [apiv2][query] POST https://www.googleapis.com/oauth2/v3/token [none]
[debug] [2026-03-14T05:55:44.348Z] >>> [apiv2][body] POST https://www.googleapis.com/oauth2/v3/token [omitted]
[debug] [2026-03-14T05:55:44.399Z] <<< [apiv2][status] POST https://www.googleapis.com/oauth2/v3/token 200
[debug] [2026-03-14T05:55:44.399Z] <<< [apiv2][body] POST https://www.googleapis.com/oauth2/v3/token [omitted]
[debug] [2026-03-14T05:55:44.421Z] >>> [apiv2][query] GET https://cloudbilling.googleapis.com/v1/projects/etf-project-2026/billingInfo [none]
[debug] [2026-03-14T05:55:44.424Z] <<< [apiv2][status] POST https://www.googleapis.com/oauth2/v3/token 200
[debug] [2026-03-14T05:55:44.424Z] <<< [apiv2][body] POST https://www.googleapis.com/oauth2/v3/token [omitted]
[debug] [2026-03-14T05:55:44.436Z] >>> [apiv2][query] GET https://cloudbilling.googleapis.com/v1/projects/etf-project-2026/billingInfo [none]
[debug] [2026-03-14T05:55:44.810Z] <<< [apiv2][status] GET https://cloudbilling.googleapis.com/v1/projects/etf-project-2026/billingInfo 403
[debug] [2026-03-14T05:55:44.811Z] <<< [apiv2][body] GET https://cloudbilling.googleapis.com/v1/projects/etf-project-2026/billingInfo {"error":{"code":403,"message":"The caller does not have permission","status":"PERMISSION_DENIED"}}
[error] Failed to fetch Firebase Project from Studio Workspace because WORKSPACE_SLUG environment variable is empty
[error] Failed to fetch Firebase Project from Studio Workspace because WORKSPACE_SLUG environment variable is empty
[debug] [2026-03-14T05:55:44.838Z] > command requires scopes: ["email","openid","https://www.googleapis.com/auth/cloudplatformprojects.readonly","https://www.googleapis.com/auth/firebase","https://www.googleapis.com/auth/cloud-platform","https://www.googleapis.com/auth/userinfo.email"]
[debug] [2026-03-14T05:55:44.838Z] > authorizing via signed-in user (anfus2004@gmail.com)
[debug] [2026-03-14T05:55:44.838Z] Checked if tokens are valid: true, expires at: 1773471343424
[debug] [2026-03-14T05:55:44.839Z] Checked if tokens are valid: true, expires at: 1773471343424
[debug] [2026-03-14T05:55:44.839Z] >>> [apiv2][query] GET https://cloudbilling.googleapis.com/v1/projects/etf-project-2026/billingInfo [none]
[error] Failed to fetch Firebase Project from Studio Workspace because WORKSPACE_SLUG environment variable is empty
[error] Failed to fetch Firebase Project from Studio Workspace because WORKSPACE_SLUG environment variable is empty
[debug] [2026-03-14T05:55:44.859Z] > command requires scopes: ["email","openid","https://www.googleapis.com/auth/cloudplatformprojects.readonly","https://www.googleapis.com/auth/firebase","https://www.googleapis.com/auth/cloud-platform","https://www.googleapis.com/auth/userinfo.email"]
[debug] [2026-03-14T05:55:44.860Z] > authorizing via signed-in user (anfus2004@gmail.com)
[debug] [2026-03-14T05:55:44.860Z] Checked if tokens are valid: true, expires at: 1773471343424
[debug] [2026-03-14T05:55:44.860Z] Checked if tokens are valid: true, expires at: 1773471343424
[debug] [2026-03-14T05:55:44.861Z] >>> [apiv2][query] GET https://cloudbilling.googleapis.com/v1/projects/etf-project-2026/billingInfo [none]
[debug] [2026-03-14T05:55:45.101Z] <<< [apiv2][status] GET https://cloudbilling.googleapis.com/v1/projects/etf-project-2026/billingInfo 403
[debug] [2026-03-14T05:55:45.101Z] <<< [apiv2][body] GET https://cloudbilling.googleapis.com/v1/projects/etf-project-2026/billingInfo {"error":{"code":403,"message":"The caller does not have permission","status":"PERMISSION_DENIED"}}
[debug] [2026-03-14T05:55:45.108Z] <<< [apiv2][status] GET https://cloudbilling.googleapis.com/v1/projects/etf-project-2026/billingInfo 403
[debug] [2026-03-14T05:55:45.109Z] <<< [apiv2][body] GET https://cloudbilling.googleapis.com/v1/projects/etf-project-2026/billingInfo {"error":{"code":403,"message":"The caller does not have permission","status":"PERMISSION_DENIED"}}
[debug] [2026-03-14T05:55:45.702Z] <<< [apiv2][status] GET https://cloudbilling.googleapis.com/v1/projects/etf-project-2026/billingInfo 403
[error] Failed to fetch Firebase Project from Studio Workspace because WORKSPACE_SLUG environment variable is empty
[error] Failed to fetch Firebase Project from Studio Workspace because WORKSPACE_SLUG environment variable is empty
[error] Failed to fetch Firebase Project from Studio Workspace because WORKSPACE_SLUG environment variable is empty
[error] Failed to fetch Firebase Project from Studio Workspace because WORKSPACE_SLUG environment variable is empty
[debug] [2026-03-15T09:17:26.866Z] > command requires scopes: ["email","openid","https://www.googleapis.com/auth/cloudplatformprojects.readonly","https://www.googleapis.com/auth/firebase","https://www.googleapis.com/auth/cloud-platform","https://www.googleapis.com/auth/userinfo.email"]
[debug] [2026-03-15T09:17:26.870Z] > authorizing via signed-in user (anfus2004@gmail.com)
[debug] [2026-03-15T09:17:26.872Z] Checked if tokens are valid: false, expires at: 1773471343424
[debug] [2026-03-15T09:17:26.873Z] Checked if tokens are valid: false, expires at: 1773471343424
[debug] [2026-03-15T09:17:26.873Z] > refreshing access token with scopes: []
[debug] [2026-03-15T09:17:26.876Z] >>> [apiv2][query] POST https://www.googleapis.com/oauth2/v3/token [none]
[debug] [2026-03-15T09:17:26.876Z] >>> [apiv2][body] POST https://www.googleapis.com/oauth2/v3/token [omitted]
[debug] [2026-03-15T09:17:26.914Z] > command requires scopes: ["email","openid","https://www.googleapis.com/auth/cloudplatformprojects.readonly","https://www.googleapis.com/auth/firebase","https://www.googleapis.com/auth/cloud-platform","https://www.googleapis.com/auth/userinfo.email"]
[debug] [2026-03-15T09:17:26.914Z] > authorizing via signed-in user (anfus2004@gmail.com)
[debug] [2026-03-15T09:17:26.915Z] Checked if tokens are valid: false, expires at: 1773471343424
[debug] [2026-03-15T09:17:26.915Z] Checked if tokens are valid: false, expires at: 1773471343424
[debug] [2026-03-15T09:17:26.915Z] > refreshing access token with scopes: []
[debug] [2026-03-15T09:17:26.916Z] >>> [apiv2][query] POST https://www.googleapis.com/oauth2/v3/token [none]
[debug] [2026-03-15T09:17:26.916Z] >>> [apiv2][body] POST https://www.googleapis.com/oauth2/v3/token [omitted]
[debug] [2026-03-15T09:17:26.971Z] <<< [apiv2][status] POST https://www.googleapis.com/oauth2/v3/token 200
[debug] [2026-03-15T09:17:26.971Z] <<< [apiv2][body] POST https://www.googleapis.com/oauth2/v3/token [omitted]
[debug] [2026-03-15T09:17:26.990Z] >>> [apiv2][query] GET https://cloudbilling.googleapis.com/v1/projects/etf-project-2026/billingInfo [none]
[debug] [2026-03-15T09:17:26.994Z] <<< [apiv2][status] POST https://www.googleapis.com/oauth2/v3/token 200
[debug] [2026-03-15T09:17:26.994Z] <<< [apiv2][body] POST https://www.googleapis.com/oauth2/v3/token [omitted]
[debug] [2026-03-15T09:17:27.013Z] >>> [apiv2][query] GET https://cloudbilling.googleapis.com/v1/projects/etf-project-2026/billingInfo [none]
[debug] [2026-03-15T09:17:27.389Z] <<< [apiv2][status] GET https://cloudbilling.googleapis.com/v1/projects/etf-project-2026/billingInfo 403
[debug] [2026-03-15T09:17:27.389Z] <<< [apiv2][body] GET https://cloudbilling.googleapis.com/v1/projects/etf-project-2026/billingInfo {"error":{"code":403,"message":"The caller does not have permission","status":"PERMISSION_DENIED"}}
[error] Failed to fetch Firebase Project from Studio Workspace because WORKSPACE_SLUG environment variable is empty
[error] Failed to fetch Firebase Project from Studio Workspace because WORKSPACE_SLUG environment variable is empty
[error] Failed to fetch Firebase Project from Studio Workspace because WORKSPACE_SLUG environment variable is empty
[error] Failed to fetch Firebase Project from Studio Workspace because WORKSPACE_SLUG environment variable is empty
[debug] [2026-03-15T09:17:27.420Z] > command requires scopes: ["email","openid","https://www.googleapis.com/auth/cloudplatformprojects.readonly","https://www.googleapis.com/auth/firebase","https://www.googleapis.com/auth/cloud-platform","https://www.googleapis.com/auth/userinfo.email"]
[debug] [2026-03-15T09:17:27.420Z] > authorizing via signed-in user (anfus2004@gmail.com)
[debug] [2026-03-15T09:17:27.420Z] > command requires scopes: ["email","openid","https://www.googleapis.com/auth/cloudplatformprojects.readonly","https://www.googleapis.com/auth/firebase","https://www.googleapis.com/auth/cloud-platform","https://www.googleapis.com/auth/userinfo.email"]
[debug] [2026-03-15T09:17:27.421Z] > authorizing via signed-in user (anfus2004@gmail.com)
[debug] [2026-03-15T09:17:27.421Z] Checked if tokens are valid: true, expires at: 1773569845995
[debug] [2026-03-15T09:17:27.421Z] Checked if tokens are valid: true, expires at: 1773569845995
[debug] [2026-03-15T09:17:27.421Z] Checked if tokens are valid: true, expires at: 1773569845995
[debug] [2026-03-15T09:17:27.421Z] Checked if tokens are valid: true, expires at: 1773569845995
[debug] [2026-03-15T09:17:27.422Z] >>> [apiv2][query] GET https://cloudbilling.googleapis.com/v1/projects/etf-project-2026/billingInfo [none]
[debug] [2026-03-15T09:17:27.423Z] >>> [apiv2][query] GET https://cloudbilling.googleapis.com/v1/projects/etf-project-2026/billingInfo [none]
[error] Failed to fetch Firebase Project from Studio Workspace because WORKSPACE_SLUG environment variable is empty
[error] Failed to fetch Firebase Project from Studio Workspace because WORKSPACE_SLUG environment variable is empty
[error] Failed to fetch Firebase Project from Studio Workspace because WORKSPACE_SLUG environment variable is empty
[error] Failed to fetch Firebase Project from Studio Workspace because WORKSPACE_SLUG environment variable is empty
[debug] [2026-03-16T00:48:57.431Z] > command requires scopes: ["email","openid","https://www.googleapis.com/auth/cloudplatformprojects.readonly","https://www.googleapis.com/auth/firebase","https://www.googleapis.com/auth/cloud-platform","https://www.googleapis.com/auth/userinfo.email"]
[debug] [2026-03-16T00:48:57.432Z] > authorizing via signed-in user (anfus2004@gmail.com)
[debug] [2026-03-16T00:48:57.433Z] Checked if tokens are valid: false, expires at: 1773569845995
[debug] [2026-03-16T00:48:57.434Z] Checked if tokens are valid: false, expires at: 1773569845995
[debug] [2026-03-16T00:48:57.434Z] > refreshing access token with scopes: []
[debug] [2026-03-16T00:48:57.437Z] >>> [apiv2][query] POST https://www.googleapis.com/oauth2/v3/token [none]
[debug] [2026-03-16T00:48:57.437Z] >>> [apiv2][body] POST https://www.googleapis.com/oauth2/v3/token [omitted]
[debug] [2026-03-16T00:48:57.482Z] > command requires scopes: ["email","openid","https://www.googleapis.com/auth/cloudplatformprojects.readonly","https://www.googleapis.com/auth/firebase","https://www.googleapis.com/auth/cloud-platform","https://www.googleapis.com/auth/userinfo.email"]
[debug] [2026-03-16T00:48:57.483Z] > authorizing via signed-in user (anfus2004@gmail.com)
[debug] [2026-03-16T00:48:57.484Z] Checked if tokens are valid: false, expires at: 1773569845995
[debug] [2026-03-16T00:48:57.484Z] Checked if tokens are valid: false, expires at: 1773569845995
[debug] [2026-03-16T00:48:57.484Z] > refreshing access token with scopes: []
[debug] [2026-03-16T00:48:57.485Z] >>> [apiv2][query] POST https://www.googleapis.com/oauth2/v3/token [none]
[debug] [2026-03-16T00:48:57.485Z] >>> [apiv2][body] POST https://www.googleapis.com/oauth2/v3/token [omitted]
[debug] [2026-03-16T00:48:57.545Z] <<< [apiv2][status] POST https://www.googleapis.com/oauth2/v3/token 200
[debug] [2026-03-16T00:48:57.546Z] <<< [apiv2][body] POST https://www.googleapis.com/oauth2/v3/token [omitted]
[debug] [2026-03-16T00:48:57.563Z] >>> [apiv2][query] GET https://cloudbilling.googleapis.com/v1/projects/etf-project-2026/billingInfo [none]
[debug] [2026-03-16T00:48:57.570Z] <<< [apiv2][status] POST https://www.googleapis.com/oauth2/v3/token 200
[debug] [2026-03-16T00:48:57.570Z] <<< [apiv2][body] POST https://www.googleapis.com/oauth2/v3/token [omitted]
[debug] [2026-03-16T00:48:57.588Z] >>> [apiv2][query] GET https://cloudbilling.googleapis.com/v1/projects/etf-project-2026/billingInfo [none]
[debug] [2026-03-16T00:48:57.877Z] <<< [apiv2][status] GET https://cloudbilling.googleapis.com/v1/projects/etf-project-2026/billingInfo 403
